La génération a démarré 10/10/2013 14:58:54.
     1>Projet "D:\Projets\white_hole\lib\box2d\Box2D_v2.2.1\Build\vs2010\HelloWorld.vcxproj" sur le nœud 2 (build cible(s)).
     1>InitializeBuildStatus:
         Mise à jour de l'horodatage "obj\x32\Debug\HelloWorld\HelloWorld.unsuccessfulbuild".
       ClCompile:
         Toutes les sorties sont à jour.
       ManifestResourceCompile:
         Toutes les sorties sont à jour.
       Link:
         C:\Program Files (x86)\Microsoft Visual Studio 10.0\VC\bin\link.exe /ERRORREPORT:PROMPT /OUT:"bin\Debug\HelloWorld.exe" /INCREMENTAL /NOLOGO bin\Debug\Box2D.lib kernel32.lib user32.lib gdi32.lib winspool.lib comdlg32.lib advapi32.lib shell32.lib ole32.lib oleaut32.lib uuid.lib odbc32.lib odbccp32.lib /MANIFEST /ManifestFile:"obj\x32\Debug\HelloWorld\HelloWorld.exe.intermediate.manifest" /MANIFESTUAC:"level='asInvoker' uiAccess='false'" /DEBUG /PDB:"D:\Projets\white_hole\lib\box2d\Box2D_v2.2.1\Build\vs2010\bin\Debug\HelloWorld.pdb" /SUBSYSTEM:CONSOLE /TLBID:1 /ENTRY:"mainCRTStartup" /DYNAMICBASE /NXCOMPAT /IMPLIB:"bin\Debug\HelloWorld.lib" /MACHINE:X86 obj\x32\Debug\HelloWorld\HelloWorld.exe.embed.manifest.res
         obj\x32\Debug\HelloWorld\Helloworld.obj
       Manifest:
         C:\Program Files (x86)\Microsoft SDKs\Windows\v7.0A\bin\mt.exe /nologo /verbose /out:"obj\x32\Debug\HelloWorld\HelloWorld.exe.embed.manifest" /manifest obj\x32\Debug\HelloWorld\HelloWorld.exe.intermediate.manifest
         Toutes les sorties sont à jour.
       LinkEmbedManifest:
         Toutes les sorties sont à jour.
         HelloWorld.vcxproj -> D:\Projets\white_hole\lib\box2d\Box2D_v2.2.1\Build\vs2010\bin\Debug\HelloWorld.exe
       FinalizeBuildStatus:
         Suppression du fichier "obj\x32\Debug\HelloWorld\HelloWorld.unsuccessfulbuild".
         Mise à jour de l'horodatage "obj\x32\Debug\HelloWorld\HelloWorld.lastbuildstate".
     1>Génération du projet "D:\Projets\white_hole\lib\box2d\Box2D_v2.2.1\Build\vs2010\HelloWorld.vcxproj" terminée (build cible(s)).

La génération a réussi.

Temps écoulé 00:00:00.51
