La génération a démarré 10/10/2013 11:47:17.
     1>Projet "C:\Users\Ikg\Desktop\Box2D_v2.2.1\Box2D_v2.2.1\Build\vs2010\Box2D.vcxproj" sur le nœud 2 (build cible(s)).
     1>PrepareForBuild:
         Création du répertoire "bin\Release\".
       InitializeBuildStatus:
         Création de "obj\x32\Release\Box2D\Box2D.unsuccessfulbuild", car "AlwaysCreate" a été spécifié.
       ClCompile:
         C:\Program Files (x86)\Microsoft Visual Studio 10.0\VC\bin\CL.exe /c /I..\.. /nologo /W3 /WX- /Ox /Oy- /D _CRT_SECURE_NO_WARNINGS /D NDEBUG /D _MBCS /GF /Gm- /EHsc /MD /GS /Gy /fp:precise /Zc:wchar_t /Zc:forScope /Fo"obj\x32\Release\Box2D\\" /Fd"obj\x32\Release\Box2D\vc100.pdb" /Gd /TP /analyze- /errorReport:prompt ..\..\Box2D\Collision\b2BroadPhase.cpp ..\..\Box2D\Collision\b2CollideCircle.cpp ..\..\Box2D\Collision\b2CollideEdge.cpp ..\..\Box2D\Collision\b2CollidePolygon.cpp ..\..\Box2D\Collision\b2Collision.cpp ..\..\Box2D\Collision\b2Distance.cpp ..\..\Box2D\Collision\b2DynamicTree.cpp ..\..\Box2D\Collision\b2TimeOfImpact.cpp ..\..\Box2D\Collision\Shapes\b2ChainShape.cpp ..\..\Box2D\Collision\Shapes\b2CircleShape.cpp ..\..\Box2D\Collision\Shapes\b2EdgeShape.cpp ..\..\Box2D\Collision\Shapes\b2PolygonShape.cpp ..\..\Box2D\Common\b2BlockAllocator.cpp ..\..\Box2D\Common\b2Draw.cpp ..\..\Box2D\Common\b2Math.cpp ..\..\Box2D\Common\b2Settings.cpp ..\..\Box2D\Common\b2StackAllocator.cpp ..\..\Box2D\Common\b2Timer.cpp ..\..\Box2D\Dynamics\b2Body.cpp ..\..\Box2D\Dynamics\b2ContactManager.cpp ..\..\Box2D\Dynamics\b2Fixture.cpp ..\..\Box2D\Dynamics\b2Island.cpp ..\..\Box2D\Dynamics\b2World.cpp ..\..\Box2D\Dynamics\b2WorldCallbacks.cpp ..\..\Box2D\Dynamics\Contacts\b2ChainAndCircleContact.cpp ..\..\Box2D\Dynamics\Contacts\b2ChainAndPolygonContact.cpp ..\..\Box2D\Dynamics\Contacts\b2CircleContact.cpp ..\..\Box2D\Dynamics\Contacts\b2Contact.cpp ..\..\Box2D\Dynamics\Contacts\b2ContactSolver.cpp ..\..\Box2D\Dynamics\Contacts\b2EdgeAndCircleContact.cpp ..\..\Box2D\Dynamics\Contacts\b2EdgeAndPolygonContact.cpp ..\..\Box2D\Dynamics\Contacts\b2PolygonAndCircleContact.cpp ..\..\Box2D\Dynamics\Contacts\b2PolygonContact.cpp ..\..\Box2D\Dynamics\Joints\b2DistanceJoint.cpp ..\..\Box2D\Dynamics\Joints\b2FrictionJoint.cpp ..\..\Box2D\Dynamics\Joints\b2GearJoint.cpp ..\..\Box2D\Dynamics\Joints\b2Joint.cpp ..\..\Box2D\Dynamics\Joints\b2MouseJoint.cpp ..\..\Box2D\Dynamics\Joints\b2PrismaticJoint.cpp ..\..\Box2D\Dynamics\Joints\b2PulleyJoint.cpp ..\..\Box2D\Dynamics\Joints\b2RevoluteJoint.cpp ..\..\Box2D\Dynamics\Joints\b2RopeJoint.cpp ..\..\Box2D\Dynamics\Joints\b2WeldJoint.cpp ..\..\Box2D\Dynamics\Joints\b2WheelJoint.cpp ..\..\Box2D\Rope\b2Rope.cpp
         b2BroadPhase.cpp
         b2CollideCircle.cpp
         b2CollideEdge.cpp
         b2CollidePolygon.cpp
         b2Collision.cpp
         b2Distance.cpp
         b2DynamicTree.cpp
         b2TimeOfImpact.cpp
         b2ChainShape.cpp
         b2CircleShape.cpp
         b2EdgeShape.cpp
         b2PolygonShape.cpp
         b2BlockAllocator.cpp
         b2Draw.cpp
         b2Math.cpp
         b2Settings.cpp
         b2StackAllocator.cpp
         b2Timer.cpp
         b2Body.cpp
         b2ContactManager.cpp
         Génération de code en cours...
         Compilation en cours...
         b2Fixture.cpp
         b2Island.cpp
         b2World.cpp
         b2WorldCallbacks.cpp
         b2ChainAndCircleContact.cpp
         b2ChainAndPolygonContact.cpp
         b2CircleContact.cpp
         b2Contact.cpp
         b2ContactSolver.cpp
         b2EdgeAndCircleContact.cpp
         b2EdgeAndPolygonContact.cpp
         b2PolygonAndCircleContact.cpp
         b2PolygonContact.cpp
         b2DistanceJoint.cpp
         b2FrictionJoint.cpp
         b2GearJoint.cpp
         b2Joint.cpp
         b2MouseJoint.cpp
         b2PrismaticJoint.cpp
         b2PulleyJoint.cpp
         Génération de code en cours...
         Compilation en cours...
         b2RevoluteJoint.cpp
         b2RopeJoint.cpp
         b2WeldJoint.cpp
         b2WheelJoint.cpp
         b2Rope.cpp
         Génération de code en cours...
       Lib:
         C:\Program Files (x86)\Microsoft Visual Studio 10.0\VC\bin\Lib.exe /OUT:"bin\Release\Box2D.lib" /NOLOGO /MACHINE:X86 obj\x32\Release\Box2D\b2BroadPhase.obj
         obj\x32\Release\Box2D\b2CollideCircle.obj
         obj\x32\Release\Box2D\b2CollideEdge.obj
         obj\x32\Release\Box2D\b2CollidePolygon.obj
         obj\x32\Release\Box2D\b2Collision.obj
         obj\x32\Release\Box2D\b2Distance.obj
         obj\x32\Release\Box2D\b2DynamicTree.obj
         obj\x32\Release\Box2D\b2TimeOfImpact.obj
         obj\x32\Release\Box2D\b2ChainShape.obj
         obj\x32\Release\Box2D\b2CircleShape.obj
         obj\x32\Release\Box2D\b2EdgeShape.obj
         obj\x32\Release\Box2D\b2PolygonShape.obj
         obj\x32\Release\Box2D\b2BlockAllocator.obj
         obj\x32\Release\Box2D\b2Draw.obj
         obj\x32\Release\Box2D\b2Math.obj
         obj\x32\Release\Box2D\b2Settings.obj
         obj\x32\Release\Box2D\b2StackAllocator.obj
         obj\x32\Release\Box2D\b2Timer.obj
         obj\x32\Release\Box2D\b2Body.obj
         obj\x32\Release\Box2D\b2ContactManager.obj
         obj\x32\Release\Box2D\b2Fixture.obj
         obj\x32\Release\Box2D\b2Island.obj
         obj\x32\Release\Box2D\b2World.obj
         obj\x32\Release\Box2D\b2WorldCallbacks.obj
         obj\x32\Release\Box2D\b2ChainAndCircleContact.obj
         obj\x32\Release\Box2D\b2ChainAndPolygonContact.obj
         obj\x32\Release\Box2D\b2CircleContact.obj
         obj\x32\Release\Box2D\b2Contact.obj
         obj\x32\Release\Box2D\b2ContactSolver.obj
         obj\x32\Release\Box2D\b2EdgeAndCircleContact.obj
         obj\x32\Release\Box2D\b2EdgeAndPolygonContact.obj
         obj\x32\Release\Box2D\b2PolygonAndCircleContact.obj
         obj\x32\Release\Box2D\b2PolygonContact.obj
         obj\x32\Release\Box2D\b2DistanceJoint.obj
         obj\x32\Release\Box2D\b2FrictionJoint.obj
         obj\x32\Release\Box2D\b2GearJoint.obj
         obj\x32\Release\Box2D\b2Joint.obj
         obj\x32\Release\Box2D\b2MouseJoint.obj
         obj\x32\Release\Box2D\b2PrismaticJoint.obj
         obj\x32\Release\Box2D\b2PulleyJoint.obj
         obj\x32\Release\Box2D\b2RevoluteJoint.obj
         obj\x32\Release\Box2D\b2RopeJoint.obj
         obj\x32\Release\Box2D\b2WeldJoint.obj
         obj\x32\Release\Box2D\b2WheelJoint.obj
         obj\x32\Release\Box2D\b2Rope.obj
         Box2D.vcxproj -> C:\Users\Ikg\Desktop\Box2D_v2.2.1\Box2D_v2.2.1\Build\vs2010\bin\Release\Box2D.lib
       FinalizeBuildStatus:
         Suppression du fichier "obj\x32\Release\Box2D\Box2D.unsuccessfulbuild".
         Mise à jour de l'horodatage "obj\x32\Release\Box2D\Box2D.lastbuildstate".
     1>Génération du projet "C:\Users\Ikg\Desktop\Box2D_v2.2.1\Box2D_v2.2.1\Build\vs2010\Box2D.vcxproj" terminée (build cible(s)).

La génération a réussi.

Temps écoulé 00:00:11.93
