D:\PROJETS\WHITE_HOLE\LIB\BOX2D\BOX2D_V2.2.1\BUILD\VS2010\BIN\RELEASE\BOX2D.LIB
D:\PROJETS\WHITE_HOLE\LIB\BOX2D\BOX2D_V2.2.1\BUILD\VS2010\OBJ\X64\RELEASE\BOX2D\B2BLOCKALLOCATOR.OBJ
D:\PROJETS\WHITE_HOLE\LIB\BOX2D\BOX2D_V2.2.1\BUILD\VS2010\OBJ\X64\RELEASE\BOX2D\B2BODY.OBJ
D:\PROJETS\WHITE_HOLE\LIB\BOX2D\BOX2D_V2.2.1\BUILD\VS2010\OBJ\X64\RELEASE\BOX2D\B2BROADPHASE.OBJ
D:\PROJETS\WHITE_HOLE\LIB\BOX2D\BOX2D_V2.2.1\BUILD\VS2010\OBJ\X64\RELEASE\BOX2D\B2CHAINANDCIRCLECONTACT.OBJ
D:\PROJETS\WHITE_HOLE\LIB\BOX2D\BOX2D_V2.2.1\BUILD\VS2010\OBJ\X64\RELEASE\BOX2D\B2CHAINANDPOLYGONCONTACT.OBJ
D:\PROJETS\WHITE_HOLE\LIB\BOX2D\BOX2D_V2.2.1\BUILD\VS2010\OBJ\X64\RELEASE\BOX2D\B2CHAINSHAPE.OBJ
D:\PROJETS\WHITE_HOLE\LIB\BOX2D\BOX2D_V2.2.1\BUILD\VS2010\OBJ\X64\RELEASE\BOX2D\B2CIRCLECONTACT.OBJ
D:\PROJETS\WHITE_HOLE\LIB\BOX2D\BOX2D_V2.2.1\BUILD\VS2010\OBJ\X64\RELEASE\BOX2D\B2CIRCLESHAPE.OBJ
D:\PROJETS\WHITE_HOLE\LIB\BOX2D\BOX2D_V2.2.1\BUILD\VS2010\OBJ\X64\RELEASE\BOX2D\B2COLLIDECIRCLE.OBJ
D:\PROJETS\WHITE_HOLE\LIB\BOX2D\BOX2D_V2.2.1\BUILD\VS2010\OBJ\X64\RELEASE\BOX2D\B2COLLIDEEDGE.OBJ
D:\PROJETS\WHITE_HOLE\LIB\BOX2D\BOX2D_V2.2.1\BUILD\VS2010\OBJ\X64\RELEASE\BOX2D\B2COLLIDEPOLYGON.OBJ
D:\PROJETS\WHITE_HOLE\LIB\BOX2D\BOX2D_V2.2.1\BUILD\VS2010\OBJ\X64\RELEASE\BOX2D\B2COLLISION.OBJ
D:\PROJETS\WHITE_HOLE\LIB\BOX2D\BOX2D_V2.2.1\BUILD\VS2010\OBJ\X64\RELEASE\BOX2D\B2CONTACT.OBJ
D:\PROJETS\WHITE_HOLE\LIB\BOX2D\BOX2D_V2.2.1\BUILD\VS2010\OBJ\X64\RELEASE\BOX2D\B2CONTACTMANAGER.OBJ
D:\PROJETS\WHITE_HOLE\LIB\BOX2D\BOX2D_V2.2.1\BUILD\VS2010\OBJ\X64\RELEASE\BOX2D\B2CONTACTSOLVER.OBJ
D:\PROJETS\WHITE_HOLE\LIB\BOX2D\BOX2D_V2.2.1\BUILD\VS2010\OBJ\X64\RELEASE\BOX2D\B2DISTANCE.OBJ
D:\PROJETS\WHITE_HOLE\LIB\BOX2D\BOX2D_V2.2.1\BUILD\VS2010\OBJ\X64\RELEASE\BOX2D\B2DISTANCEJOINT.OBJ
D:\PROJETS\WHITE_HOLE\LIB\BOX2D\BOX2D_V2.2.1\BUILD\VS2010\OBJ\X64\RELEASE\BOX2D\B2DRAW.OBJ
D:\PROJETS\WHITE_HOLE\LIB\BOX2D\BOX2D_V2.2.1\BUILD\VS2010\OBJ\X64\RELEASE\BOX2D\B2DYNAMICTREE.OBJ
D:\PROJETS\WHITE_HOLE\LIB\BOX2D\BOX2D_V2.2.1\BUILD\VS2010\OBJ\X64\RELEASE\BOX2D\B2EDGEANDCIRCLECONTACT.OBJ
D:\PROJETS\WHITE_HOLE\LIB\BOX2D\BOX2D_V2.2.1\BUILD\VS2010\OBJ\X64\RELEASE\BOX2D\B2EDGEANDPOLYGONCONTACT.OBJ
D:\PROJETS\WHITE_HOLE\LIB\BOX2D\BOX2D_V2.2.1\BUILD\VS2010\OBJ\X64\RELEASE\BOX2D\B2EDGESHAPE.OBJ
D:\PROJETS\WHITE_HOLE\LIB\BOX2D\BOX2D_V2.2.1\BUILD\VS2010\OBJ\X64\RELEASE\BOX2D\B2FIXTURE.OBJ
D:\PROJETS\WHITE_HOLE\LIB\BOX2D\BOX2D_V2.2.1\BUILD\VS2010\OBJ\X64\RELEASE\BOX2D\B2FRICTIONJOINT.OBJ
D:\PROJETS\WHITE_HOLE\LIB\BOX2D\BOX2D_V2.2.1\BUILD\VS2010\OBJ\X64\RELEASE\BOX2D\B2GEARJOINT.OBJ
D:\PROJETS\WHITE_HOLE\LIB\BOX2D\BOX2D_V2.2.1\BUILD\VS2010\OBJ\X64\RELEASE\BOX2D\B2ISLAND.OBJ
D:\PROJETS\WHITE_HOLE\LIB\BOX2D\BOX2D_V2.2.1\BUILD\VS2010\OBJ\X64\RELEASE\BOX2D\B2JOINT.OBJ
D:\PROJETS\WHITE_HOLE\LIB\BOX2D\BOX2D_V2.2.1\BUILD\VS2010\OBJ\X64\RELEASE\BOX2D\B2MATH.OBJ
D:\PROJETS\WHITE_HOLE\LIB\BOX2D\BOX2D_V2.2.1\BUILD\VS2010\OBJ\X64\RELEASE\BOX2D\B2MOUSEJOINT.OBJ
D:\PROJETS\WHITE_HOLE\LIB\BOX2D\BOX2D_V2.2.1\BUILD\VS2010\OBJ\X64\RELEASE\BOX2D\B2POLYGONANDCIRCLECONTACT.OBJ
D:\PROJETS\WHITE_HOLE\LIB\BOX2D\BOX2D_V2.2.1\BUILD\VS2010\OBJ\X64\RELEASE\BOX2D\B2POLYGONCONTACT.OBJ
D:\PROJETS\WHITE_HOLE\LIB\BOX2D\BOX2D_V2.2.1\BUILD\VS2010\OBJ\X64\RELEASE\BOX2D\B2POLYGONSHAPE.OBJ
D:\PROJETS\WHITE_HOLE\LIB\BOX2D\BOX2D_V2.2.1\BUILD\VS2010\OBJ\X64\RELEASE\BOX2D\B2PRISMATICJOINT.OBJ
D:\PROJETS\WHITE_HOLE\LIB\BOX2D\BOX2D_V2.2.1\BUILD\VS2010\OBJ\X64\RELEASE\BOX2D\B2PULLEYJOINT.OBJ
D:\PROJETS\WHITE_HOLE\LIB\BOX2D\BOX2D_V2.2.1\BUILD\VS2010\OBJ\X64\RELEASE\BOX2D\B2REVOLUTEJOINT.OBJ
D:\PROJETS\WHITE_HOLE\LIB\BOX2D\BOX2D_V2.2.1\BUILD\VS2010\OBJ\X64\RELEASE\BOX2D\B2ROPE.OBJ
D:\PROJETS\WHITE_HOLE\LIB\BOX2D\BOX2D_V2.2.1\BUILD\VS2010\OBJ\X64\RELEASE\BOX2D\B2ROPEJOINT.OBJ
D:\PROJETS\WHITE_HOLE\LIB\BOX2D\BOX2D_V2.2.1\BUILD\VS2010\OBJ\X64\RELEASE\BOX2D\B2SETTINGS.OBJ
D:\PROJETS\WHITE_HOLE\LIB\BOX2D\BOX2D_V2.2.1\BUILD\VS2010\OBJ\X64\RELEASE\BOX2D\B2STACKALLOCATOR.OBJ
D:\PROJETS\WHITE_HOLE\LIB\BOX2D\BOX2D_V2.2.1\BUILD\VS2010\OBJ\X64\RELEASE\BOX2D\B2TIMEOFIMPACT.OBJ
D:\PROJETS\WHITE_HOLE\LIB\BOX2D\BOX2D_V2.2.1\BUILD\VS2010\OBJ\X64\RELEASE\BOX2D\B2TIMER.OBJ
D:\PROJETS\WHITE_HOLE\LIB\BOX2D\BOX2D_V2.2.1\BUILD\VS2010\OBJ\X64\RELEASE\BOX2D\B2WELDJOINT.OBJ
D:\PROJETS\WHITE_HOLE\LIB\BOX2D\BOX2D_V2.2.1\BUILD\VS2010\OBJ\X64\RELEASE\BOX2D\B2WHEELJOINT.OBJ
D:\PROJETS\WHITE_HOLE\LIB\BOX2D\BOX2D_V2.2.1\BUILD\VS2010\OBJ\X64\RELEASE\BOX2D\B2WORLD.OBJ
D:\PROJETS\WHITE_HOLE\LIB\BOX2D\BOX2D_V2.2.1\BUILD\VS2010\OBJ\X64\RELEASE\BOX2D\B2WORLDCALLBACKS.OBJ
D:\Projets\white_hole\lib\box2d\Box2D_v2.2.1\Build\vs2010\obj\x64\Release\Box2D\Box2D.vcxprojResolveAssemblyReference.cache
D:\Projets\white_hole\lib\box2d\Box2D_v2.2.1\Build\vs2010\obj\x64\Release\Box2D\Box2D.write.1.tlog
D:\Projets\white_hole\lib\box2d\Box2D_v2.2.1\Build\vs2010\obj\x64\Release\Box2D\cl.command.1.tlog
D:\Projets\white_hole\lib\box2d\Box2D_v2.2.1\Build\vs2010\obj\x64\Release\Box2D\CL.read.1.tlog
D:\Projets\white_hole\lib\box2d\Box2D_v2.2.1\Build\vs2010\obj\x64\Release\Box2D\CL.write.1.tlog
D:\Projets\white_hole\lib\box2d\Box2D_v2.2.1\Build\vs2010\obj\x64\Release\Box2D\lib.command.1.tlog
D:\Projets\white_hole\lib\box2d\Box2D_v2.2.1\Build\vs2010\obj\x64\Release\Box2D\Lib-link.read.1.tlog
D:\Projets\white_hole\lib\box2d\Box2D_v2.2.1\Build\vs2010\obj\x64\Release\Box2D\Lib-link.write.1.tlog
