La génération a démarré 10/10/2013 11:47:17.
     1>Projet "C:\Users\Ikg\Desktop\Box2D_v2.2.1\Box2D_v2.2.1\Build\vs2010\GLUI.vcxproj" sur le nœud 3 (build cible(s)).
     1>InitializeBuildStatus:
         Création de "obj\x32\Release\GLUI\GLUI.unsuccessfulbuild", car "AlwaysCreate" a été spécifié.
       ClCompile:
         C:\Program Files (x86)\Microsoft Visual Studio 10.0\VC\bin\CL.exe /c /I..\.. /nologo /W3 /WX- /Ox /Oy- /D _CRT_SECURE_NO_WARNINGS /D NDEBUG /D _MBCS /GF /Gm- /EHsc /MD /GS /Gy /fp:precise /Zc:wchar_t /Zc:forScope /Fo"obj\x32\Release\GLUI\\" /Fd"obj\x32\Release\GLUI\vc100.pdb" /Gd /TP /analyze- /errorReport:prompt ..\..\glui\algebra3.cpp ..\..\glui\arcball.cpp ..\..\glui\glui.cpp ..\..\glui\glui_add_controls.cpp ..\..\glui\glui_bitmaps.cpp ..\..\glui\glui_bitmap_img_data.cpp ..\..\glui\glui_button.cpp ..\..\glui\glui_checkbox.cpp ..\..\glui\glui_column.cpp ..\..\glui\glui_commandline.cpp ..\..\glui\glui_control.cpp ..\..\glui\glui_edittext.cpp ..\..\glui\glui_filebrowser.cpp ..\..\glui\glui_list.cpp ..\..\glui\glui_listbox.cpp ..\..\glui\glui_mouse_iaction.cpp ..\..\glui\glui_node.cpp ..\..\glui\glui_panel.cpp ..\..\glui\glui_radio.cpp ..\..\glui\glui_rollout.cpp ..\..\glui\glui_rotation.cpp ..\..\glui\glui_scrollbar.cpp ..\..\glui\glui_separator.cpp ..\..\glui\glui_spinner.cpp ..\..\glui\glui_statictext.cpp ..\..\glui\glui_string.cpp ..\..\glui\glui_textbox.cpp ..\..\glui\glui_translation.cpp ..\..\glui\glui_tree.cpp ..\..\glui\glui_treepanel.cpp ..\..\glui\glui_window.cpp ..\..\glui\quaternion.cpp /W1 
     1>cl : Ligne de commande warning D9025: substitution de '/W3' par '/W1'
         algebra3.cpp
         arcball.cpp
         glui.cpp
         glui_add_controls.cpp
         glui_bitmaps.cpp
         glui_bitmap_img_data.cpp
         glui_button.cpp
         glui_checkbox.cpp
         glui_column.cpp
         glui_commandline.cpp
         glui_control.cpp
         glui_edittext.cpp
         glui_filebrowser.cpp
         glui_list.cpp
         glui_listbox.cpp
         glui_mouse_iaction.cpp
         glui_node.cpp
         glui_panel.cpp
         glui_radio.cpp
         glui_rollout.cpp
         Génération de code en cours...
         Compilation en cours...
         glui_rotation.cpp
         glui_scrollbar.cpp
         glui_separator.cpp
         glui_spinner.cpp
         glui_statictext.cpp
         glui_string.cpp
         glui_textbox.cpp
         glui_translation.cpp
         glui_tree.cpp
         glui_treepanel.cpp
         glui_window.cpp
         quaternion.cpp
         Génération de code en cours...
       Lib:
         C:\Program Files (x86)\Microsoft Visual Studio 10.0\VC\bin\Lib.exe /OUT:"bin\Release\GLUI.lib" /NOLOGO /MACHINE:X86 obj\x32\Release\GLUI\algebra3.obj
         obj\x32\Release\GLUI\arcball.obj
         obj\x32\Release\GLUI\glui.obj
         obj\x32\Release\GLUI\glui_add_controls.obj
         obj\x32\Release\GLUI\glui_bitmaps.obj
         obj\x32\Release\GLUI\glui_bitmap_img_data.obj
         obj\x32\Release\GLUI\glui_button.obj
         obj\x32\Release\GLUI\glui_checkbox.obj
         obj\x32\Release\GLUI\glui_column.obj
         obj\x32\Release\GLUI\glui_commandline.obj
         obj\x32\Release\GLUI\glui_control.obj
         obj\x32\Release\GLUI\glui_edittext.obj
         obj\x32\Release\GLUI\glui_filebrowser.obj
         obj\x32\Release\GLUI\glui_list.obj
         obj\x32\Release\GLUI\glui_listbox.obj
         obj\x32\Release\GLUI\glui_mouse_iaction.obj
         obj\x32\Release\GLUI\glui_node.obj
         obj\x32\Release\GLUI\glui_panel.obj
         obj\x32\Release\GLUI\glui_radio.obj
         obj\x32\Release\GLUI\glui_rollout.obj
         obj\x32\Release\GLUI\glui_rotation.obj
         obj\x32\Release\GLUI\glui_scrollbar.obj
         obj\x32\Release\GLUI\glui_separator.obj
         obj\x32\Release\GLUI\glui_spinner.obj
         obj\x32\Release\GLUI\glui_statictext.obj
         obj\x32\Release\GLUI\glui_string.obj
         obj\x32\Release\GLUI\glui_textbox.obj
         obj\x32\Release\GLUI\glui_translation.obj
         obj\x32\Release\GLUI\glui_tree.obj
         obj\x32\Release\GLUI\glui_treepanel.obj
         obj\x32\Release\GLUI\glui_window.obj
         obj\x32\Release\GLUI\quaternion.obj
         GLUI.vcxproj -> C:\Users\Ikg\Desktop\Box2D_v2.2.1\Box2D_v2.2.1\Build\vs2010\bin\Release\GLUI.lib
       FinalizeBuildStatus:
         Suppression du fichier "obj\x32\Release\GLUI\GLUI.unsuccessfulbuild".
         Mise à jour de l'horodatage "obj\x32\Release\GLUI\GLUI.lastbuildstate".
     1>Génération du projet "C:\Users\Ikg\Desktop\Box2D_v2.2.1\Box2D_v2.2.1\Build\vs2010\GLUI.vcxproj" terminée (build cible(s)).

La génération a réussi.

Temps écoulé 00:00:18.15
